<?xml version="1.0" encoding="UTF-8"?>
<!-- Generated by org.testng.reporters.JUnitXMLReporter -->
<testsuite hostname="kash-Insyde" name="Command line test" tests="8" failures="0" timestamp="21 Jun 2016 00:54:24 GMT" time="0.176" errors="0">
  <testcase name="testPerf1" time="0.125" classname="edu.learn.collection.dup.DeDupPerfTest"/>
  <testcase name="testPerf2" time="0.002" classname="edu.learn.collection.dup.DeDupPerfTest"/>
  <testcase name="testPerf3" time="0.002" classname="edu.learn.collection.dup.DeDupPerfTest"/>
  <testcase name="testBasic" time="0.012" classname="edu.learn.collection.dup.DeDupTest"/>
  <testcase name="testDuplicate" time="0.007" classname="edu.learn.collection.dup.DeDupTest"/>
  <testcase name="testDuplicate_negative" time="0.007" classname="edu.learn.collection.dup.DeDupTest"/>
  <testcase name="testEmpty" time="0.0" classname="edu.learn.collection.dup.DeDupTest"/>
  <testcase name="testnull" time="0.001" classname="edu.learn.collection.dup.DeDupTest"/>
</testsuite> <!-- Command line test -->
